app/build/intermediates/manifest_merge_blame_file/debug/manifest-merger-blame-debug-report.txt
1<?xml version="1.0" encoding="utf-8"?>
2<manifest xmlns:android="http://schemas.android.com/apk/res/android"
3    package="com.raywenderlich.android.memo"
4    android:versionCode="1"
5    android:versionName="1.0" >
6
7    <uses-sdk
8        android:minSdkVersion="21"
8-->src\main\AndroidManifest.xml
9        android:targetSdkVersion="30" />
9-->src\main\AndroidManifest.xml
10
11    <!-- TODO: Add FOREGROUND_SERVICE permission -->
12
13    <uses-permission android:name="android.permission.RECEIVE_BOOT_COMPLETED" />
13-->src\main\AndroidManifest.xml:8:3-79
13-->src\main\AndroidManifest.xml:8:20-76
14
15    <application
15-->src\main\AndroidManifest.xml:11:3-42:17
16        android:allowBackup="false"
16-->src\main\AndroidManifest.xml:12:5-32
17        android:appComponentFactory="androidx.core.app.CoreComponentFactory"
17-->[androidx.core:core:1.3.1] AndroidManifest.xml:24:18-86
18        android:debuggable="true"
19        android:icon="@mipmap/ic_launcher"
19-->src\main\AndroidManifest.xml:13:5-39
20        android:label="@string/app_name"
20-->src\main\AndroidManifest.xml:14:5-37
21        android:roundIcon="@mipmap/ic_launcher_round"
21-->src\main\AndroidManifest.xml:15:5-50
22        android:supportsRtl="true"
22-->src\main\AndroidManifest.xml:16:5-31
23        android:testOnly="true"
24        android:theme="@style/AppTheme" >
24-->src\main\AndroidManifest.xml:17:5-36
25
26        <!-- Main Activity -->
27        <activity
27-->src\main\AndroidManifest.xml:21:5-29:16
28            android:name="com.raywenderlich.android.memo.ui.MainActivity"
28-->src\main\AndroidManifest.xml:22:7-38
29            android:launchMode="singleTask"
29-->src\main\AndroidManifest.xml:23:7-38
30            android:theme="@style/SplashTheme" >
30-->src\main\AndroidManifest.xml:24:7-41
31            <intent-filter>
31-->src\main\AndroidManifest.xml:25:7-28:23
32                <action android:name="android.intent.action.MAIN" />
32-->src\main\AndroidManifest.xml:26:9-61
32-->src\main\AndroidManifest.xml:26:17-58
33
34                <category android:name="android.intent.category.LAUNCHER" />
34-->src\main\AndroidManifest.xml:27:9-69
34-->src\main\AndroidManifest.xml:27:19-66
35            </intent-filter>
36        </activity>
37
38        <receiver
38-->src\main\AndroidManifest.xml:31:5-39:16
39            android:name="com.raywenderlich.android.memo.ui.MainActivity$TimerReceiver"
39-->src\main\AndroidManifest.xml:32:7-52
40            android:enabled="true"
40-->src\main\AndroidManifest.xml:33:7-29
41            android:exported="true" >
41-->src\main\AndroidManifest.xml:34:7-30
42            <intent-filter>
42-->src\main\AndroidManifest.xml:35:7-38:23
43                <action android:name="android.intent.action.BOOT_COMPLETED" />
43-->src\main\AndroidManifest.xml:36:9-71
43-->src\main\AndroidManifest.xml:36:17-68
44                <action android:name="android.intent.action.INPUT_METHOD_CHANGED" />
44-->src\main\AndroidManifest.xml:37:9-77
44-->src\main\AndroidManifest.xml:37:17-74
45            </intent-filter>
46        </receiver>
47
48        <!-- TODO: Define services -->
49    </application>
50
51</manifest>